<?xml version="1.0" encoding="UTF-8"?>
<testsuite name="practice.IntegerDemoTest" tests="1" skipped="0" failures="0" errors="0" timestamp="2023-02-10T01:27:06" hostname="kkumiui-MacBookAir.local" time="0.006">
  <properties/>
  <testcase name="main()" classname="practice.IntegerDemoTest" time="0.006"/>
  <system-out><![CDATA[agkj
]]></system-out>
  <system-err><![CDATA[]]></system-err>
</testsuite>
